<?xml version="1.0" encoding="UTF-8"?>
<!-- Generated by org.testng.reporters.JUnitReportReporter -->
<testsuite skipped="0" hostname="sairam-PC" name="TestNG.addressbook" tests="1" failures="0" timestamp="15 Jul 2018 16:46:06 GMT" time="15.981" errors="0">
  <testcase name="verifyaddbook" time="15.981" classname="TestNG.addressbook"/>
</testsuite> <!-- TestNG.addressbook -->
