<?xml version="1.0" encoding="UTF-8"?>
<!-- Generated by org.testng.reporters.JUnitReportReporter -->
<testsuite skipped="0" hostname="sairam-PC" name="TestNG.addressbook" tests="1" failures="0" timestamp="29 Jun 2018 02:49:29 GMT" time="12.914" errors="0">
  <testcase name="verifylogin" time="12.914" classname="TestNG.addressbook"/>
</testsuite> <!-- TestNG.addressbook -->
