<?xml version="1.0" encoding="UTF-8"?>
<!-- Generated by org.testng.reporters.JUnitReportReporter -->
<testsuite skipped="0" hostname="sairam-PC" name="TestNG.addressbook" tests="1" failures="0" timestamp="30 Jun 2018 01:52:16 GMT" time="11.231" errors="0">
  <testcase name="verfiylogin" time="11.231" classname="TestNG.addressbook"/>
</testsuite> <!-- TestNG.addressbook -->
